# JRE version: Java(TM) SE Runtime Environment 18.9 (11.0.8+10) (build 11.0.8+10-LTS)
# Java VM: Java HotSpot(TM) 64-Bit Server VM 18.9 (11.0.8+10-LTS, mixed mode, tiered, compressed oops, parallel gc, windows-amd64)
Heap:
 PSYoungGen      total 9728K, used 1089K [0x00000000eab00000, 0x00000000eb980000, 0x0000000100000000)
  eden space 8704K, 9% used [0x00000000eab00000,0x00000000eabd0718,0x00000000eb380000)
  from space 1024K, 25% used [0x00000000eb780000,0x00000000eb7c0000,0x00000000eb880000)
  to   space 512K, 0% used [0x00000000eb900000,0x00000000eb900000,0x00000000eb980000)
 ParOldGen       total 306176K, used 184018K [0x00000000c0000000, 0x00000000d2b00000, 0x00000000eab00000)
  object space 306176K, 60% used [0x00000000c0000000,0x00000000cb3b49d0,0x00000000d2b00000)
 Metaspace       used 90624K, capacity 94552K, committed 94808K, reserved 1134592K
  class space    used 7962K, capacity 9265K, committed 9344K, reserved 1048576K
GC Heap History (10 events):
Event: 10084.119 GC heap before
{Heap before GC invocations=11189 (full 246):
 PSYoungGen      total 10752K, used 1696K [0x00000000eab00000, 0x00000000ebd00000, 0x0000000100000000)
  eden space 8704K, 0% used [0x00000000eab00000,0x00000000eab00000,0x00000000eb380000)
  from space 2048K, 82% used [0x00000000eb600000,0x00000000eb7a8000,0x00000000eb800000)
  to   space 2560K, 0% used [0x00000000eba80000,0x00000000eba80000,0x00000000ebd00000)
 ParOldGen       total 304640K, used 301896K [0x00000000c0000000, 0x00000000d2980000, 0x00000000eab00000)
  object space 304640K, 99% used [0x00000000c0000000,0x00000000d26d22f0,0x00000000d2980000)
 Metaspace       used 90604K, capacity 94487K, committed 94808K, reserved 1134592K
  class space    used 7962K, capacity 9265K, committed 9344K, reserved 1048576K
}
Event: 10084.252 GC heap after
{Heap after GC invocations=11189 (full 246):
 PSYoungGen      total 9216K, used 0K [0x00000000eab00000, 0x00000000ebb00000, 0x0000000100000000)
  eden space 8704K, 0% used [0x00000000eab00000,0x00000000eab00000,0x00000000eb380000)
  from space 512K, 0% used [0x00000000eba80000,0x00000000eba80000,0x00000000ebb00000)
  to   space 2560K, 0% used [0x00000000eb600000,0x00000000eb600000,0x00000000eb880000)
 ParOldGen       total 306176K, used 179894K [0x00000000c0000000, 0x00000000d2b00000, 0x00000000eab00000)
  object space 306176K, 58% used [0x00000000c0000000,0x00000000cafad818,0x00000000d2b00000)
 Metaspace       used 90604K, capacity 94487K, committed 94808K, reserved 1134592K
  class space    used 7962K, capacity 9265K, committed 9344K, reserved 1048576K
}
Event: 10084.268 GC heap before
{Heap before GC invocations=11190 (full 246):
 PSYoungGen      total 9216K, used 8704K [0x00000000eab00000, 0x00000000ebb00000, 0x0000000100000000)
  eden space 8704K, 100% used [0x00000000eab00000,0x00000000eb380000,0x00000000eb380000)
  from space 512K, 0% used [0x00000000eba80000,0x00000000eba80000,0x00000000ebb00000)
  to   space 2560K, 0% used [0x00000000eb600000,0x00000000eb600000,0x00000000eb880000)
 ParOldGen       total 306176K, used 179894K [0x00000000c0000000, 0x00000000d2b00000, 0x00000000eab00000)
  object space 306176K, 58% used [0x00000000c0000000,0x00000000cafad818,0x00000000d2b00000)
 Metaspace       used 90604K, capacity 94487K, committed 94808K, reserved 1134592K
  class space    used 7962K, capacity 9265K, committed 9344K, reserved 1048576K
}
Event: 10084.269 GC heap after
{Heap after GC invocations=11190 (full 246):
 PSYoungGen      total 11264K, used 1584K [0x00000000eab00000, 0x00000000ebb00000, 0x0000000100000000)
  eden space 8704K, 0% used [0x00000000eab00000,0x00000000eab00000,0x00000000eb380000)
  from space 2560K, 61% used [0x00000000eb600000,0x00000000eb78c010,0x00000000eb880000)
  to   space 2048K, 0% used [0x00000000eb900000,0x00000000eb900000,0x00000000ebb00000)
 ParOldGen       total 306176K, used 179894K [0x00000000c0000000, 0x00000000d2b00000, 0x00000000eab00000)
  object space 306176K, 58% used [0x00000000c0000000,0x00000000cafad818,0x00000000d2b00000)
 Metaspace       used 90604K, capacity 94487K, committed 94808K, reserved 1134592K
  class space    used 7962K, capacity 9265K, committed 9344K, reserved 1048576K
}
Event: 10084.285 GC heap before
{Heap before GC invocations=11191 (full 246):
 PSYoungGen      total 11264K, used 10288K [0x00000000eab00000, 0x00000000ebb00000, 0x0000000100000000)
  eden space 8704K, 100% used [0x00000000eab00000,0x00000000eb380000,0x00000000eb380000)
  from space 2560K, 61% used [0x00000000eb600000,0x00000000eb78c010,0x00000000eb880000)
  to   space 2048K, 0% used [0x00000000eb900000,0x00000000eb900000,0x00000000ebb00000)
 ParOldGen       total 306176K, used 179894K [0x00000000c0000000, 0x00000000d2b00000, 0x00000000eab00000)
  object space 306176K, 58% used [0x00000000c0000000,0x00000000cafad818,0x00000000d2b00000)
 Metaspace       used 90604K, capacity 94487K, committed 94808K, reserved 1134592K
  class space    used 7962K, capacity 9265K, committed 9344K, reserved 1048576K
}
Event: 10084.287 GC heap after
{Heap after GC invocations=11191 (full 246):
 PSYoungGen      total 10240K, used 1440K [0x00000000eab00000, 0x00000000eba80000, 0x0000000100000000)
  eden space 8704K, 0% used [0x00000000eab00000,0x00000000eab00000,0x00000000eb380000)
  from space 1536K, 93% used [0x00000000eb900000,0x00000000eba68000,0x00000000eba80000)
  to   space 1536K, 0% used [0x00000000eb780000,0x00000000eb780000,0x00000000eb900000)
 ParOldGen       total 306176K, used 181322K [0x00000000c0000000, 0x00000000d2b00000, 0x00000000eab00000)
  object space 306176K, 59% used [0x00000000c0000000,0x00000000cb1129a8,0x00000000d2b00000)
 Metaspace       used 90604K, capacity 94487K, committed 94808K, reserved 1134592K
  class space    used 7962K, capacity 9265K, committed 9344K, reserved 1048576K
}
Event: 10085.653 GC heap before
{Heap before GC invocations=11192 (full 246):
 PSYoungGen      total 10240K, used 10134K [0x00000000eab00000, 0x00000000eba80000, 0x0000000100000000)
  eden space 8704K, 99% used [0x00000000eab00000,0x00000000eb37d9e8,0x00000000eb380000)
  from space 1536K, 93% used [0x00000000eb900000,0x00000000eba68000,0x00000000eba80000)
  to   space 1536K, 0% used [0x00000000eb780000,0x00000000eb780000,0x00000000eb900000)
 ParOldGen       total 306176K, used 181322K [0x00000000c0000000, 0x00000000d2b00000, 0x00000000eab00000)
  object space 306176K, 59% used [0x00000000c0000000,0x00000000cb1129a8,0x00000000d2b00000)
 Metaspace       used 90607K, capacity 94487K, committed 94808K, reserved 1134592K
  class space    used 7962K, capacity 9265K, committed 9344K, reserved 1048576K
}
Event: 10085.655 GC heap after
{Heap after GC invocations=11192 (full 246):
 PSYoungGen      total 10240K, used 1232K [0x00000000eab00000, 0x00000000eb980000, 0x0000000100000000)
  eden space 8704K, 0% used [0x00000000eab00000,0x00000000eab00000,0x00000000eb380000)
  from space 1536K, 80% used [0x00000000eb780000,0x00000000eb8b4010,0x00000000eb900000)
  to   space 512K, 0% used [0x00000000eb900000,0x00000000eb900000,0x00000000eb980000)
 ParOldGen       total 306176K, used 182610K [0x00000000c0000000, 0x00000000d2b00000, 0x00000000eab00000)
  object space 306176K, 59% used [0x00000000c0000000,0x00000000cb2548d0,0x00000000d2b00000)
 Metaspace       used 90607K, capacity 94487K, committed 94808K, reserved 1134592K
  class space    used 7962K, capacity 9265K, committed 9344K, reserved 1048576K
}
Event: 10089.515 GC heap before
{Heap before GC invocations=11193 (full 246):
 PSYoungGen      total 10240K, used 9936K [0x00000000eab00000, 0x00000000eb980000, 0x0000000100000000)
  eden space 8704K, 100% used [0x00000000eab00000,0x00000000eb380000,0x00000000eb380000)
  from space 1536K, 80% used [0x00000000eb780000,0x00000000eb8b4010,0x00000000eb900000)
  to   space 512K, 0% used [0x00000000eb900000,0x00000000eb900000,0x00000000eb980000)
 ParOldGen       total 306176K, used 182610K [0x00000000c0000000, 0x00000000d2b00000, 0x00000000eab00000)
  object space 306176K, 59% used [0x00000000c0000000,0x00000000cb2548d0,0x00000000d2b00000)
 Metaspace       used 90610K, capacity 94551K, committed 94808K, reserved 1134592K
  class space    used 7962K, capacity 9265K, committed 9344K, reserved 1048576K
}
Event: 10089.516 GC heap after
{Heap after GC invocations=11193 (full 246):
 PSYoungGen      total 9216K, used 448K [0x00000000eab00000, 0x00000000eb980000, 0x0000000100000000)
  eden space 8704K, 0% used [0x00000000eab00000,0x00000000eab00000,0x00000000eb380000)
  from space 512K, 87% used [0x00000000eb900000,0x00000000eb970050,0x00000000eb980000)
  to   space 1024K, 0% used [0x00000000eb780000,0x00000000eb780000,0x00000000eb880000)
 ParOldGen       total 306176K, used 183658K [0x00000000c0000000, 0x00000000d2b00000, 0x00000000eab00000)
  object space 306176K, 59% used [0x00000000c0000000,0x00000000cb35a8e0,0x00000000d2b00000)
 Metaspace       used 90610K, capacity 94551K, committed 94808K, reserved 1134592K
  class space    used 7962K, capacity 9265K, committed 9344K, reserved 1048576K
}

